#
# There is insufficient memory for the Java Runtime Environment to continue.
# Native memory allocation (mmap) failed to map 268435456 bytes for Failed to commit area from 0x0000000701c00000 to 0x0000000711c00000 of length 268435456.
# Possible reasons:
#   The system is out of physical RAM or swap space
#   The process is running with CompressedOops enabled, and the Java Heap may be blocking the growth of the native heap
# Possible solutions:
#   Reduce memory load on the system
#   Increase physical memory or swap space
#   Check if swap backing store is full
#   Decrease Java heap size (-Xmx/-Xms)
#   Decrease number of Java threads
#   Decrease Java thread stack sizes (-Xss)
#   Set larger code cache with -XX:ReservedCodeCacheSize=
# This output file may be truncated or incomplete.
#
#  Out of Memory Error (c:/BuildAgent/work/5ff2f6c26000d570/src/hotspot/os/windows/os_windows.cpp:3272), pid=20532, tid=15720
#
# JRE version:  (11.0.3+12) (build )
# Java VM: OpenJDK 64-Bit Server VM (11.0.3+12-b304.39, mixed mode, aot, sharing, tiered, compressed oops, g1 gc, windows-amd64)
# No core dump will be written. Minidumps are not enabled by default on client versions of Windows
#

---------------  S U M M A R Y ------------

Command Line: -Dvisualvm.id=936010147987700 -javaagent:D:\stools\jetbrains\apps\IDEA-U\ch-0\192.6262.58\lib\idea_rt.jar=55755:D:\stools\jetbrains\apps\IDEA-U\ch-0\192.6262.58\bin -Dfile.encoding=UTF-8 com.programmer.talk.Hello

Host: Intel(R) Core(TM) i7-8550U CPU @ 1.80GHz, 8 cores, 15G,  Windows 10 , 64 bit Build 17763 (10.0.17763.475)
Time: Mon Dec 23 16:12:50 2019 ?D1¨²¡À¨º¡Á?¨º¡À?? elapsed time: 0 seconds (0d 0h 0m 0s)

---------------  T H R E A D  ---------------

Current thread (0x000002972215a800):  JavaThread "Unknown thread" [_thread_in_vm, id=15720, stack(0x000000b216900000,0x000000b216a00000)]

Stack: [0x000000b216900000,0x000000b216a00000]
Native frames: (J=compiled Java code, j=interpreted, Vv=VM code, C=native code)
V  [jvm.dll+0x5da77a]
V  [jvm.dll+0x70b9c9]
V  [jvm.dll+0x70cee8]
V  [jvm.dll+0x70d5b3]
V  [jvm.dll+0x23ddc8]
V  [jvm.dll+0x5d7ef4]
V  [jvm.dll+0x5ccfc5]
V  [jvm.dll+0x2fa44b]
V  [jvm.dll+0x2fa3ba]
V  [jvm.dll+0x2fa292]
V  [jvm.dll+0x2ff156]
V  [jvm.dll+0x3474c3]
V  [jvm.dll+0x347bc6]
V  [jvm.dll+0x3475c3]
V  [jvm.dll+0x2d4f68]
V  [jvm.dll+0x2d6107]
V  [jvm.dll+0x6eabf7]
V  [jvm.dll+0x6ec38c]
V  [jvm.dll+0x354c29]
V  [jvm.dll+0x6d28ae]
V  [jvm.dll+0x3bd363]
V  [jvm.dll+0x3bf7a1]
C  [java.exe+0x3763]
C  [java.exe+0x17a0c]
C  [KERNEL32.DLL+0x17974]
C  [ntdll.dll+0x6a271]


---------------  P R O C E S S  ---------------

Threads class SMR info:
_java_thread_list=0x000002971f977f40, length=0, elements={
}

Java Threads: ( => current thread )

Other Threads:
  0x000002972216f800 GCTaskThread "GC Thread#0" [stack: 0x000000b216a00000,0x000000b216b00000] [id=17552]
  0x000002973eafd000 ConcurrentGCThread "G1 Main Marker" [stack: 0x000000b216b00000,0x000000b216c00000] [id=12528]
  0x000002973eafe000 ConcurrentGCThread "G1 Conc#0" [stack: 0x000000b216c00000,0x000000b216d00000] [id=20032]

[error occurred during error reporting (printing all threads), id 0xc0000005, EXCEPTION_ACCESS_VIOLATION (0xc0000005) at pc=0x00007fff60c05507]

VM state:not at safepoint (not fully initialized)

VM Mutex/Monitor currently owned by a thread:  ([mutex/lock_event])
[0x0000029722155b70] Heap_lock - owner thread: 0x000002972215a800

Heap address: 0x0000000701c00000, size: 4068 MB, Compressed Oops mode: Non-zero based: 0x0000000701c00000
Narrow klass base: 0x0000000000000000, Narrow klass shift: 0

GC Heap History (0 events):
No events

Deoptimization events (0 events):
No events

Classes redefined (0 events):
No events

Internal exceptions (0 events):
No events

Events (0 events):
No events


Dynamic libraries:
0x00007ff6cab10000 - 0x00007ff6cab57000 	D:\stools\jetbrains\apps\IDEA-U\ch-0\192.6262.58\jbr\bin\java.exe
0x00007fffbf070000 - 0x00007fffbf25d000 	C:\Windows\SYSTEM32\ntdll.dll
0x00007fffbc830000 - 0x00007fffbc8e3000 	C:\Windows\System32\KERNEL32.DLL
0x00007fffbbce0000 - 0x00007fffbbf73000 	C:\Windows\System32\KERNELBASE.dll
0x00007fffbd140000 - 0x00007fffbd2d7000 	C:\Windows\System32\USER32.dll
0x00007fffbbf80000 - 0x00007fffbbfa0000 	C:\Windows\System32\win32u.dll
0x00007fffbc670000 - 0x00007fffbc699000 	C:\Windows\System32\GDI32.dll
0x00007fffbc0f0000 - 0x00007fffbc289000 	C:\Windows\System32\gdi32full.dll
0x00007fffbbfd0000 - 0x00007fffbc070000 	C:\Windows\System32\msvcp_win.dll
0x00007fffbbbe0000 - 0x00007fffbbcda000 	C:\Windows\System32\ucrtbase.dll
0x00007fffa74c0000 - 0x00007fffa7739000 	C:\Windows\WinSxS\amd64_microsoft.windows.common-controls_6595b64144ccf1df_6.0.17763.914_none_05b346b2072102f2\COMCTL32.dll
0x00007fffbd4b0000 - 0x00007fffbd54e000 	C:\Windows\System32\msvcrt.dll
0x00007fffbc290000 - 0x00007fffbc5bc000 	C:\Windows\System32\combase.dll
0x00007fffbc700000 - 0x00007fffbc822000 	C:\Windows\System32\RPCRT4.dll
0x00007fffbc070000 - 0x00007fffbc0ee000 	C:\Windows\System32\bcryptPrimitives.dll
0x00007fffbf010000 - 0x00007fffbf03e000 	C:\Windows\System32\IMM32.DLL
0x00007fff81060000 - 0x00007fff81725000 	C:\Program Files\McAfee\DLP\Agent\fcagcbh64.dll
0x00007fffbc5c0000 - 0x00007fffbc663000 	C:\Windows\System32\ADVAPI32.dll
0x00007fffbca30000 - 0x00007fffbcace000 	C:\Windows\System32\sechost.dll
0x00007fffbeb10000 - 0x00007fffbeb62000 	C:\Windows\System32\SHLWAPI.dll
0x00007fffbcae0000 - 0x00007fffbcc35000 	C:\Windows\System32\ole32.dll
0x00007fffbc950000 - 0x00007fffbca14000 	C:\Windows\System32\OLEAUT32.dll
0x00007fffb5910000 - 0x00007fffb591a000 	C:\Windows\SYSTEM32\VERSION.dll
0x00007fffbaf60000 - 0x00007fffbaf8f000 	C:\Windows\SYSTEM32\SspiCli.dll
0x00007fffba030000 - 0x00007fffba061000 	C:\Windows\SYSTEM32\ntmarta.dll
0x00007fff81730000 - 0x00007fff81be0000 	C:\Program Files\McAfee\DLP\Agent\fcagafa64.dll
0x00007fff97d70000 - 0x00007fff97e22000 	C:\Program Files\McAfee\Endpoint Security\Threat Prevention\Ips\EpMPApi.dll
0x00007fffbb880000 - 0x00007fffbb8d9000 	C:\Windows\System32\WINTRUST.dll
0x00007fffbb110000 - 0x00007fffbb122000 	C:\Windows\System32\MSASN1.dll
0x00007fffbba00000 - 0x00007fffbbbdb000 	C:\Windows\System32\CRYPT32.dll
0x000000006efb0000 - 0x000000006efbc000 	C:\Program Files\McAfee\Endpoint Security\Threat Prevention\Ips\EpMPThe.dll
0x00007fff8cfa0000 - 0x00007fff8cfd6000 	C:\Program Files\McAfee\Endpoint Security\Threat Prevention\Ips\HIPHandlers64.dll
0x00007fffb4980000 - 0x00007fffb4997000 	D:\stools\jetbrains\apps\IDEA-U\ch-0\192.6262.58\jbr\bin\vcruntime140.dll
0x00007fff80db0000 - 0x00007fff80e4d000 	D:\stools\jetbrains\apps\IDEA-U\ch-0\192.6262.58\jbr\bin\msvcp140.dll
0x00007fff60920000 - 0x00007fff613d7000 	D:\stools\jetbrains\apps\IDEA-U\ch-0\192.6262.58\jbr\bin\server\jvm.dll
0x00007fffbea50000 - 0x00007fffbea58000 	C:\Windows\System32\PSAPI.DLL
0x00007fff9e260000 - 0x00007fff9e269000 	C:\Windows\SYSTEM32\WSOCK32.dll
0x00007fffbeef0000 - 0x00007fffbef5d000 	C:\Windows\System32\WS2_32.dll
0x00007fffaf230000 - 0x00007fffaf254000 	C:\Windows\SYSTEM32\WINMM.dll
0x00007fffaf200000 - 0x00007fffaf22d000 	C:\Windows\SYSTEM32\WINMMBASE.dll
0x00007fffbb9b0000 - 0x00007fffbb9fa000 	C:\Windows\System32\cfgmgr32.dll
0x00007fffbb0f0000 - 0x00007fffbb101000 	C:\Windows\System32\kernel.appcore.dll
0x00007fffb6570000 - 0x00007fffb6581000 	D:\stools\jetbrains\apps\IDEA-U\ch-0\192.6262.58\jbr\bin\verify.dll
0x00007fffb3cb0000 - 0x00007fffb3e9d000 	C:\Windows\SYSTEM32\DBGHELP.DLL
0x00007fffb3880000 - 0x00007fffb38aa000 	C:\Windows\SYSTEM32\dbgcore.DLL
0x00007fffb3c50000 - 0x00007fffb3c79000 	D:\stools\jetbrains\apps\IDEA-U\ch-0\192.6262.58\jbr\bin\java.dll
0x00007fff945b0000 - 0x00007fff945e4000 	D:\stools\jetbrains\apps\IDEA-U\ch-0\192.6262.58\jbr\bin\instrument.dll
0x00007fffb3c30000 - 0x00007fffb3c47000 	D:\stools\jetbrains\apps\IDEA-U\ch-0\192.6262.58\jbr\bin\zip.dll
0x00007fffb6560000 - 0x00007fffb656b000 	D:\stools\jetbrains\apps\IDEA-U\ch-0\192.6262.58\jbr\bin\jimage.dll

dbghelp: loaded successfully - version: 4.0.5 - missing functions: none
symbol engine: initialized successfully - sym options: 0x614 - pdb path: .;D:\stools\jetbrains\apps\IDEA-U\ch-0\192.6262.58\jbr\bin;C:\Windows\SYSTEM32;C:\Windows\WinSxS\amd64_microsoft.windows.common-controls_6595b64144ccf1df_6.0.17763.914_none_05b346b2072102f2;C:\Program Files\McAfee\DLP\Agent;C:\Program Files\McAfee\Endpoint Security\Threat Prevention\Ips;D:\stools\jetbrains\apps\IDEA-U\ch-0\192.6262.58\jbr\bin\server

VM Arguments:
jvm_args: -Dvisualvm.id=936010147987700 -javaagent:D:\stools\jetbrains\apps\IDEA-U\ch-0\192.6262.58\lib\idea_rt.jar=55755:D:\stools\jetbrains\apps\IDEA-U\ch-0\192.6262.58\bin -Dfile.encoding=UTF-8 
java_command: com.programmer.talk.Hello
java_class_path (initial): H:\mywork\workspace\github\leetcode\target\classes
Launcher Type: SUN_STANDARD

[Global flags]
     intx CICompilerCount                          = 4                                         {product} {ergonomic}
     uint ConcGCThreads                            = 2                                         {product} {ergonomic}
     uint G1ConcRefinementThreads                  = 8                                         {product} {ergonomic}
   size_t G1HeapRegionSize                         = 1048576                                   {product} {ergonomic}
    uintx GCDrainStackTargetSize                   = 64                                        {product} {ergonomic}
   size_t InitialHeapSize                          = 268435456                                 {product} {ergonomic}
   size_t MarkStackSize                            = 4194304                                   {product} {ergonomic}
   size_t MaxHeapSize                              = 4265607168                                {product} {ergonomic}
   size_t MinHeapDeltaBytes                        = 1048576                                   {product} {ergonomic}
    uintx NonNMethodCodeHeapSize                   = 5835340                                {pd product} {ergonomic}
    uintx NonProfiledCodeHeapSize                  = 122911450                              {pd product} {ergonomic}
    uintx ProfiledCodeHeapSize                     = 122911450                              {pd product} {ergonomic}
    uintx ReservedCodeCacheSize                    = 251658240                              {pd product} {ergonomic}
     bool SegmentedCodeCache                       = true                                      {product} {ergonomic}
     bool UseCompressedClassPointers               = true                                 {lp64_product} {ergonomic}
     bool UseCompressedOops                        = true                                 {lp64_product} {ergonomic}
     bool UseG1GC                                  = true                                      {product} {ergonomic}
     bool UseLargePagesIndividualAllocation        = false                                  {pd product} {ergonomic}

Logging:
Log output configuration:
 #0: stdout all=warning uptime,level,tags
 #1: stderr all=off uptime,level,tags

Environment Variables:
JAVA_HOME=D:\stools\java\jdk1.8.0_221
CLASSPATH=.;D:\stools\java\jdk1.8.0_221\lib\dt.jar;D:\stools\java\jdk1.8.0_221\lib\tools.jar;
PATH=C:\ProgramData\DockerDesktop\version-bin;C:\Program Files\Docker\Docker\Resources\bin;C:\Program Files (x86)\Common Files\Oracle\Java\javapath;C:\Windows\system32\WBEM;C:\Windows\system32\WBEM;C:\Windows\system32\WBEM;C:\Windows\system32;C:\Windows;C:\Windows\System32\Wbem;C:\Windows\System32\WindowsPowerShell\v1.0\;C:\Windows\System32\OpenSSH\;C:\Users\Zhangmen\AppData\Local\Microsoft\WindowsApps;C:\Users\Zhangmen\AppData\Local\Microsoft\WindowsApps;C:\Program Files (x86)\NVIDIA Corporation\PhysX\Common;D:\stools\maven\bin;D:\stools\java\jdk1.8.0_221\bin;D:\stools\java\jdk1.8.0_221\jre\bin;D:\stools\Git\cmd;D:\stools\TortoiseGit\bin;D:\stools\nodejs\;D:\stools\mysql-8.0.17-winx64\bin;D:\flutter\flutter\bin;D:\stools\gradle-5.6.2\bin;C:\Users\yougui.xiong\AppData\Local\Microsoft\WindowsApps;;D:\stools\Fiddler;C:\Users\yougui.xiong\AppData\Roaming\npm;D:\stools\bandizip\;D:\stools\Microsoft VS Code\bin
USERNAME=yougui.xiong
OS=Windows_NT
PROCESSOR_IDENTIFIER=Intel64 Family 6 Model 142 Stepping 10, GenuineIntel



---------------  S Y S T E M  ---------------

OS: Windows 10 , 64 bit Build 17763 (10.0.17763.475)

CPU:total 8 (initial active 8) (4 cores per cpu, 2 threads per core) family 6 model 142 stepping 10, cmov, cx8, fxsr, mmx, sse, sse2, sse3, ssse3, sse4.1, sse4.2, popcnt, avx, avx2, aes, clmul, erms, 3dnowpref, lzcnt, ht, tsc, tscinvbit, bmi1, bmi2, adx, fma

Memory: 4k page, system-wide physical 16268M (2075M free)
TotalPageFile size 24460M (AvailPageFile size 257M)
current process WorkingSet (physical memory assigned to process): 15M, peak: 15M
current process commit charge ("private bytes"): 69M, peak: 325M

vm_info: OpenJDK 64-Bit Server VM (11.0.3+12-b304.39) for windows-amd64 JRE (11.0.3+12-b304.39), built on Aug 14 2019 11:03:43 by "" with MS VC++ 14.0 (VS2015)

END.
